0 silly argv {
0 silly argv   _: [ 'publish' ],
0 silly argv   contents: 'package-a',
0 silly argv   composed: 'publish',
0 silly argv   lernaVersion: '3.22.1',
0 silly argv   '$0': 'lerna'
0 silly argv }
1 notice cli v3.22.1
2 verbose rootPath /home/phatnt/Desktop/ReactJS/phatnguyenuit/learn-workspace
3 verbose session 904e2fdc55a88656
4 verbose user-agent lerna/3.22.1/node@v12.7.0+x64 (linux)
5 silly argv {
5 silly argv   _: [ 'publish' ],
5 silly argv   contents: 'package-a',
5 silly argv   composed: 'publish',
5 silly argv   lernaVersion: '3.22.1'
5 silly argv }
6 verbose rootPath /home/phatnt/Desktop/ReactJS/phatnguyenuit/learn-workspace
7 info current version 1.0.4
8 silly isAnythingCommitted
9 verbose isAnythingCommitted 1
10 silly currentBranch
11 verbose currentBranch master
12 silly remoteBranchExists
13 silly isBehindUpstream
14 silly isBehindUpstream master is behind origin/master by 0 commit(s) and ahead by 0
15 silly hasTags
16 verbose hasTags true
17 silly git-describe.sync "v1.0.4-1-g346b2bf" => {"lastTagName":"v1.0.4","lastVersion":"v1.0.4","refCount":"1","sha":"346b2bf","isDirty":false}
18 info Looking for changed packages since v1.0.4
19 silly checking diff packages/package-a
20 silly found diff in packages/package-a/index.js
21 verbose filtered diff [ 'packages/package-a/index.js' ]
22 silly checking diff packages/package-b
23 silly no diff found in @phatnguyenuit/package-b
24 verbose updated @phatnguyenuit/package-a
25 verbose git-describe undefined => "v1.0.4-1-g346b2bf"
26 silly git-describe parsed => {"lastTagName":"v1.0.4","lastVersion":"v1.0.4","refCount":"1","sha":"346b2bf","isDirty":false}
27 info execute Skipping releases
28 silly lifecycle No script for "preversion" in "learn-workspace", continuing
29 silly lifecycle No script for "preversion" in "@phatnguyenuit/package-a", continuing
30 silly lifecycle No script for "version" in "@phatnguyenuit/package-a", continuing
31 silly lifecycle No script for "version" in "learn-workspace", continuing
32 silly gitAdd [ 'packages/package-a/package.json', 'lerna.json' ]
33 silly gitCommit v1.0.5
34 verbose git [ 'commit', '-m', 'v1.0.5' ]
35 silly gitTag v1.0.5
36 verbose git [ 'tag', 'v1.0.5', '-m', 'v1.0.5' ]
37 silly lifecycle No script for "postversion" in "@phatnguyenuit/package-a", continuing
38 silly lifecycle No script for "postversion" in "learn-workspace", continuing
39 info git Pushing tags...
40 silly gitPush origin master
41 info publish Publishing packages to npm...
42 notice Skipping all user and access validation due to third-party registry
43 notice Make sure you're authenticated properly ¯\_(ツ)_/¯
44 silly getCurrentSHA
45 verbose getCurrentSHA 58f3a30abd781ae27c4aedefe2200fb491e4b4b6
46 silly lifecycle No script for "prepublish" in "learn-workspace", continuing
47 silly lifecycle No script for "prepare" in "learn-workspace", continuing
48 silly lifecycle No script for "prepublishOnly" in "learn-workspace", continuing
49 silly lifecycle No script for "prepack" in "learn-workspace", continuing
50 verbose pack-directory packages/package-a/package-a
51 silly lifecycle No script for "prepublish" in "@phatnguyenuit/package-a", continuing
52 silly lifecycle No script for "prepare" in "@phatnguyenuit/package-a", continuing
53 silly lifecycle No script for "prepublishOnly" in "@phatnguyenuit/package-a", continuing
54 silly lifecycle No script for "prepack" in "@phatnguyenuit/package-a", continuing
55 silly lifecycle No script for "postpack" in "@phatnguyenuit/package-a", continuing
56 verbose packed packages/package-a/package-a
57 silly lifecycle No script for "postpack" in "learn-workspace", continuing
58 verbose publish @phatnguyenuit/package-a
59 error
